服务器启动日期为Fri Nov 29 2024 12:48:37 GMT+0800 (China Standard Time)
服务器启动日期为Fri Nov 29 2024 12:50:39 GMT+0800 (China Standard Time)
服务器启动日期为Fri Nov 29 2024 12:51:40 GMT+0800 (China Standard Time)
服务器启动日期为Fri Nov 29 2024 12:52:01 GMT+0800 (China Standard Time)
服务器启动日期为Fri Nov 29 2024 12:58:15 GMT+0800 (China Standard Time)
服务器启动日期为Fri Nov 29 2024 13:03:17 GMT+0800 (China Standard Time)
服务器启动日期为Fri Nov 29 2024 13:03:50 GMT+0800 (China Standard Time)
服务器启动日期为Fri Nov 29 2024 13:10:21 GMT+0800 (China Standard Time)
服务器启动日期为Fri Nov 29 2024 13:11:25 GMT+0800 (China Standard Time)
服务器启动日期为Fri Nov 29 2024 13:13:04 GMT+0800 (China Standard Time)
数据包时间20210320155000
当前时间Fri Nov 29 2024 13:52:46 GMT+0800 (China Standard Time)
存储解析后的数据: MN=81733553213013, CN=2051 ,Raw Data=##0596QN=20210320163106355;ST=32;CN=2051;PW=123456;MN=81733553213013;Flag=4;CP=&&DataTime=20210320155000;w00000-Cou=177.217,w00000-Min=292.286,w00000-Avg=295.361,w00000-Max=297.287,w00000-Flag=D;w21001-Cou=8.164,w21001-Min=46.070,w21001-Avg=46.070,w21001-Max=46.070,w21001-Flag=D;w21011-Cou=0.392,w21011-Min=2.214,w21011-Avg=2.214,w21011-Max=2.214,w21011-Flag=N;w21003-Cou=8.532,w21003-Min=48.145,w21003-Avg=48.144,w21003-Max=48.145,w21003-Flag=N;w01018-Cou=41.486,w01018-Min=234.101001;w01018-Flag=N&&42C0
服务器启动日期为Fri Nov 29 2024 13:56:14 GMT+0800 (China Standard Time)
服务器启动日期为Fri Nov 29 2024 13:57:49 GMT+0800 (China Standard Time)
服务器启动日期为Sun Dec 01 2024 11:29:45 GMT+0800 (China Standard Time)
服务器启动日期为Mon Dec 02 2024 05:11:59 GMT+0800 (China Standard Time)
服务器启动日期为Mon Dec 02 2024 07:03:04 GMT+0800 (China Standard Time)
服务器启动日期为Mon Dec 02 2024 08:04:08 GMT+0800 (China Standard Time)
服务器启动日期为Mon Dec 02 2024 15:24:30 GMT+0800 (China Standard Time)
